#
# There is insufficient memory for the Java Runtime Environment to continue.
# Native memory allocation (malloc) failed to allocate 1048576 bytes for AllocateHeap
# Possible reasons:
#   The system is out of physical RAM or swap space
#   In 32 bit mode, the process size limit was hit
# Possible solutions:
#   Reduce memory load on the system
#   Increase physical memory or swap space
#   Check if swap backing store is full
#   Use 64 bit Java on a 64 bit OS
#   Decrease Java heap size (-Xmx/-Xms)
#   Decrease number of Java threads
#   Decrease Java thread stack sizes (-Xss)
#   Set larger code cache with -XX:ReservedCodeCacheSize=
# This output file may be truncated or incomplete.
#
#  Out of Memory Error (memory/allocation.inline.hpp:61), pid=9276, tid=9220
#
# JRE version:  (8.0_65-b17) (build )
# Java VM: Java HotSpot(TM) 64-Bit Server VM (25.65-b01 mixed mode windows-amd64 compressed oops)
# Failed to write core dump. Minidumps are not enabled by default on client versions of Windows
#

---------------  T H R E A D  ---------------

Current thread (0x000000000342e800):  JavaThread "Unknown thread" [_thread_in_vm, id=9220, stack(0x00000000032f0000,0x00000000033f0000)]

Stack: [0x00000000032f0000,0x00000000033f0000]
[error occurred during error reporting (printing stack bounds), id 0xc0000005]

Native frames: (J=compiled Java code, j=interpreted, Vv=VM code, C=native code)


---------------  P R O C E S S  ---------------

Java Threads: ( => current thread )

Other Threads:

=>0x000000000342e800 (exited) JavaThread "Unknown thread" [_thread_in_vm, id=9220, stack(0x00000000032f0000,0x00000000033f0000)]

VM state:not at safepoint (normal execution)

VM Mutex/Monitor currently owned by a thread: None

Heap:
 PSYoungGen      total 38400K, used 665K [0x00000000d5d80000, 0x00000000d8800000, 0x0000000100000000)
  eden space 33280K, 2% used [0x00000000d5d80000,0x00000000d5e26670,0x00000000d7e00000)
  from space 5120K, 0% used [0x00000000d8300000,0x00000000d8300000,0x00000000d8800000)
  to   space 5120K, 0% used [0x00000000d7e00000,0x00000000d7e00000,0x00000000d8300000)
 ParOldGen       total 87552K, used 0K [0x0000000081800000, 0x0000000086d80000, 0x00000000d5d80000)
  object space 87552K, 0% used [0x0000000081800000,0x0000000081800000,0x0000000086d80000)
 Metaspace       used 767K, capacity 4480K, committed 4480K, reserved 1056768K
  class space    used 75K, capacity 384K, committed 384K, reserved 1048576K

Card table byte_map: [0x00000000128f0000,0x0000000012cf0000] byte_map_base: 0x00000000124e4000

Marking Bits: (ParMarkBitMap*) 0x0000000066caa5b0
 Begin Bits: [0x00000000137a0000, 0x0000000015740000)
 End Bits:   [0x0000000015740000, 0x00000000176e0000)

Polling page: 0x0000000001210000

CodeCache: size=245760Kb used=328Kb max_used=328Kb free=245431Kb
 bounds [0x0000000003530000, 0x00000000037a0000, 0x0000000012530000]
 total_blobs=57 nmethods=0 adapters=37
 compilation: enabled

Compilation events (0 events):
No events

GC Heap History (0 events):
No events

Deoptimization events (0 events):
No events

Internal exceptions (0 events):
No events

Events (10 events):
Event: 0.021 loading class java/lang/Short
Event: 0.021 loading class java/lang/Short done
Event: 0.021 loading class java/lang/Integer
Event: 0.022 loading class java/lang/Integer done
Event: 0.022 loading class java/lang/Long
Event: 0.022 loading class java/lang/Long done
Event: 0.022 loading class java/lang/NullPointerException
Event: 0.022 loading class java/lang/NullPointerException done
Event: 0.022 loading class java/lang/ArithmeticException
Event: 0.022 loading class java/lang/ArithmeticException done


Dynamic libraries:
0x00007ff63c010000 - 0x00007ff63c047000 	C:\Program Files\Java\jdk1.8.0_65\jre\bin\java.exe
0x00007ff9f4f80000 - 0x00007ff9f5151000 	C:\WINDOWS\SYSTEM32\ntdll.dll
0x00007ff9f4d80000 - 0x00007ff9f4e2c000 	C:\WINDOWS\System32\KERNEL32.DLL
0x00007ff9f1e70000 - 0x00007ff9f208d000 	C:\WINDOWS\System32\KERNELBASE.dll
0x00007ff9f4820000 - 0x00007ff9f48c2000 	C:\WINDOWS\System32\ADVAPI32.dll
0x00007ff9f4b40000 - 0x00007ff9f4bde000 	C:\WINDOWS\System32\msvcrt.dll
0x00007ff9f47c0000 - 0x00007ff9f4819000 	C:\WINDOWS\System32\sechost.dll
0x00007ff9f4e50000 - 0x00007ff9f4f71000 	C:\WINDOWS\System32\RPCRT4.dll
0x00007ff9f48d0000 - 0x00007ff9f4a35000 	C:\WINDOWS\System32\USER32.dll
0x00007ff9f1ae0000 - 0x00007ff9f1afe000 	C:\WINDOWS\System32\win32u.dll
0x00007ff9f2420000 - 0x00007ff9f2454000 	C:\WINDOWS\System32\GDI32.dll
0x00007ff9f1280000 - 0x00007ff9f1400000 	C:\WINDOWS\System32\gdi32full.dll
0x00007ff9e75b0000 - 0x00007ff9e782a000 	C:\WINDOWS\WinSxS\amd64_microsoft.windows.common-controls_6595b64144ccf1df_6.0.14393.953_none_42151e83c686086b\COMCTL32.dll
0x00007ff9f2700000 - 0x00007ff9f29c8000 	C:\WINDOWS\System32\combase.dll
0x00007ff9f1ba0000 - 0x00007ff9f1c95000 	C:\WINDOWS\System32\ucrtbase.dll
0x00007ff9f1b30000 - 0x00007ff9f1b9a000 	C:\WINDOWS\System32\bcryptPrimitives.dll
0x00007ff9f2c90000 - 0x00007ff9f2cbe000 	C:\WINDOWS\System32\IMM32.DLL
0x0000000066020000 - 0x00000000660f2000 	C:\Program Files\Java\jdk1.8.0_65\jre\bin\msvcr100.dll
0x00000000664a0000 - 0x0000000066d29000 	C:\Program Files\Java\jdk1.8.0_65\jre\bin\server\jvm.dll
0x00007ff9f1b00000 - 0x00007ff9f1b23000 	C:\WINDOWS\System32\WINMM.dll
0x00007ff9f1200000 - 0x00007ff9f122b000 	C:\WINDOWS\System32\WINMMBASE.dll
0x00007ff9f1230000 - 0x00007ff9f1272000 	C:\WINDOWS\System32\cfgmgr32.dll
0x00007ff9eedb0000 - 0x00007ff9eedb9000 	C:\WINDOWS\SYSTEM32\WSOCK32.dll
0x00007ff9f29d0000 - 0x00007ff9f29d8000 	C:\WINDOWS\System32\PSAPI.DLL
0x00007ff9e4590000 - 0x00007ff9e459a000 	C:\WINDOWS\SYSTEM32\VERSION.dll
0x00007ff9f2cc0000 - 0x00007ff9f2d2a000 	C:\WINDOWS\System32\WS2_32.dll
0x00000000675b0000 - 0x00000000675bf000 	C:\Program Files\Java\jdk1.8.0_65\jre\bin\verify.dll
0x0000000066390000 - 0x00000000663b9000 	C:\Program Files\Java\jdk1.8.0_65\jre\bin\java.dll
0x0000000066370000 - 0x0000000066386000 	C:\Program Files\Java\jdk1.8.0_65\jre\bin\zip.dll

VM Arguments:
java_command: org.jetbrains.git4idea.ssh.SSHMain git@gitlab.guangbao-uni.com git-receive-pack 'wangchaojie/healthmanager.git'
java_class_path (initial): E:/IntelliJ IDEA 2016.1.3/plugins/git4idea/lib/git4idea-rt.jar;E:/IntelliJ IDEA 2016.1.3/lib/xmlrpc-2.0.jar;E:/IntelliJ IDEA 2016.1.3/lib/commons-codec-1.9.jar;E:/IntelliJ IDEA 2016.1.3/lib/util.jar;E:/IntelliJ IDEA 2016.1.3/plugins/git4idea/lib/trilead-ssh2.jar
Launcher Type: SUN_STANDARD

Environment Variables:
JAVA_HOME=C:\Program Files\Java\jdk1.8.0_65
CLASSPATH=.;C:\Program Files\Java\jdk1.8.0_65\lib;C:\Program Files\Java\jdk1.8.0_65\lib\dt.jar;C:\Program Files\Java\jdk1.8.0_65\lib\tools.jar;D:\spark-1.5.2-bin-without-hadoop\lib\spark-examples-1.5.2-hadoop2.2.0.jar;C:\Program Files\Java\jdk1.8.0_65\lib\dt.jar;C:\Program Files\Java\jdk1.8.0_65\lib\tools.jar;D:\spark-1.5.2-bin-without-hadoop\lib\spark-assembly-1.5.2-hadoop2.2.0.jar;E:\apache-ant-1.9.7\lib;E:\soft\mysql-connector-java-5.1.38-bin.jar;
PATH=E:\soft\Git\mingw64/libexec/git-core;E:\soft\Git\mingw64\bin;E:\soft\Git\usr\bin;C:\Users\Administrator\bin;C:\WINDOWS\System32\Wbem;E:\apache-ant-1.9.7\bin;C:\Program Files\Java\jdk1.8.0_65\bin;C:\WINDOWS\System32\Wbem;E:\apache-ant-1.9.7\bin;C:\Program Files\Java\jdk1.8.0_65\bin;C:\WINDOWS\System32\Wbem;E:\apache-ant-1.9.7\bin;C:\Program Files\Java\jdk1.8.0_65\bin;C:\WINDOWS\System32;C:\WINDOWS\system32;C:\WINDOWS;C:\WINDOWS\System32\WindowsPowerShell\v1.0\;E:\soft\MATLAB\matlab2016a\runtime\win64;E:\soft\MATLAB\matlab2016a\bin;E:\soft\MATLAB\matlab2016a\polyspace\bin;C:\Users\Administrator\AppData\Local\Programs\Python\Python36\Scripts;E:\soft\android\platform-tools;E:\soft\android\tools;F:\curl\bin;E:\soft\Git\cmd;E:\soft2\apache-maven-3.5.0\bin;C:\WINDOWS\system32;C:\WINDOWS;C:\WINDOWS\System32\WindowsPowerShell\v1.0\;E:\soft\MATLAB\matlab2016a\runtime\win64;E:\soft\MATLAB\matlab2016a\bin;E:\soft\MATLAB\matlab2016a\polyspace\bin;C:\Users\Administrator\AppData\Local\Programs\Python\Python36\Scripts;E:\soft\android\platform-tools;E:\soft\android\tools;F:\curl\bin;E:\soft\Git\cmd;E:\soft2\apache-maven-3.5.0\bin;C:\WINDOWS\system32;C:\WINDOWS;C:\WINDOWS\System32\WindowsPowerShell\v1.0\;E:\soft\MATLAB\matlab2016a\runtime\win64;E:\soft\MATLAB\matlab2016a\bin;E:\soft\MATLAB\matlab2016a\polyspace\bin;C:\Users\Administrator\AppData\Local\Programs\Python\Python36\Scripts;E:\soft\android\platform-tools;E:\soft\android\tools;F:\curl\bin;E:\soft\Git\cmd;E:\soft2\apache-maven-3.5.0\bin;C:\Users\Administrator\AppData\Local\Programs\Python\Python35\Scripts\;C:\Users\Administrator\AppData\Local\Programs\Python\Python35\;C:\Users\Administrator\AppData\Local\Programs\Python\Python36\Scripts\;C:\Users\Administrator\AppData\Local\Programs\Python\Python36\;C:\Users\Administrator\AppData\Local\Microsoft\WindowsApps;
USERNAME=Administrator
OS=Windows_NT
PROCESSOR_IDENTIFIER=Intel64 Family 6 Model 60 Stepping 3, GenuineIntel



---------------  S Y S T E M  ---------------

OS: Windows 10.0 , 64 bit Build 14393 (10.0.14393.1198)

CPU:total 8 (4 cores per cpu, 2 threads per core) family 6 model 60 stepping 3, cmov, cx8, fxsr, mmx, sse, sse2, sse3, ssse3, sse4.1, sse4.2, popcnt, avx, avx2, aes, clmul, erms, lzcnt, ht, tsc, tscinvbit, bmi1, bmi2

Memory: 4k page, physical 8286336k(2367628k free), swap 8810624k(8872k free)

vm_info: Java HotSpot(TM) 64-Bit Server VM (25.65-b01) for windows-amd64 JRE (1.8.0_65-b17), built on Oct  6 2015 16:39:20 by "java_re" with MS VC++ 10.0 (VS2010)

time: Thu Aug 03 16:40:01 2017
elapsed time: 0 seconds (0d 0h 0m 0s)

