2017-08-02 15:02:16.283 [restartedMain] INFO  c.gb.health.HealthManagerApplication -Starting HealthManagerApplication on AFAAW-704030720 with PID 35932 (F:\healthmanager\healthmanager\target\classes started by Administrator in F:\healthmanager\healthmanager)
2017-08-02 15:02:16.289 [restartedMain] INFO  c.gb.health.HealthManagerApplication -The following profiles are active: dev
2017-08-02 15:02:16.536 [restartedMain] INFO  o.s.b.c.e.AnnotationConfigEmbeddedWebApplicationContext -Refreshing org.springframework.boot.context.embedded.AnnotationConfigEmbeddedWebApplicationContext@15234b5b: startup date [Wed Aug 02 15:02:16 CST 2017]; root of context hierarchy
2017-08-02 15:02:17.660 [restartedMain] INFO  o.s.b.f.s.DefaultListableBeanFactory -Overriding bean definition for bean 'customUserService' with a different definition: replacing [Generic bean: class [com.gb.health.security.CustomUserService]; scope=singleton; abstract=false; lazyInit=false; autowireMode=0; dependencyCheck=0; autowireCandidate=true; primary=false; factoryBeanName=null; factoryMethodName=null; initMethodName=null; destroyMethodName=null; defined in file [F:\healthmanager\healthmanager\target\classes\com\gb\health\security\CustomUserService.class]] with [Root bean: class [null]; scope=; abstract=false; lazyInit=false; autowireMode=3; dependencyCheck=0; autowireCandidate=true; primary=false; factoryBeanName=webSecurityConfig; factoryMethodName=customUserService; initMethodName=null; destroyMethodName=(inferred); defined in class path resource [com/gb/health/config/WebSecurityConfig.class]]
2017-08-02 15:02:18.802 [restartedMain] INFO  org.eclipse.jetty.util.log -Logging initialized @3902ms to org.eclipse.jetty.util.log.Slf4jLog
2017-08-02 15:02:19.121 [restartedMain] INFO  o.s.b.c.e.j.JettyEmbeddedServletContainerFactory -Server initialized with port: 80
2017-08-02 15:02:19.123 [restartedMain] INFO  org.eclipse.jetty.server.Server -jetty-9.4.5.v20170502
2017-08-02 15:02:19.160 [restartedMain] INFO  org.eclipse.jetty.server.session -DefaultSessionIdManager workerName=node0
2017-08-02 15:02:19.161 [restartedMain] INFO  org.eclipse.jetty.server.session -No SessionScavenger set, using defaults
2017-08-02 15:02:19.162 [restartedMain] INFO  org.eclipse.jetty.server.session -Scavenging every 600000ms
2017-08-02 15:02:19.167 [restartedMain] INFO  o.e.j.s.h.ContextHandler.application -Initializing Spring embedded WebApplicationContext
2017-08-02 15:02:19.167 [restartedMain] INFO  o.s.web.context.ContextLoader -Root WebApplicationContext: initialization completed in 2631 ms
2017-08-02 15:02:19.398 [restartedMain] INFO  o.s.b.w.s.FilterRegistrationBean -Mapping filter: 'metricsFilter' to: [/*]
2017-08-02 15:02:19.400 [restartedMain] INFO  o.s.b.w.s.FilterRegistrationBean -Mapping filter: 'characterEncodingFilter' to: [/*]
2017-08-02 15:02:19.400 [restartedMain] INFO  o.s.b.w.s.FilterRegistrationBean -Mapping filter: 'hiddenHttpMethodFilter' to: [/*]
2017-08-02 15:02:19.400 [restartedMain] INFO  o.s.b.w.s.FilterRegistrationBean -Mapping filter: 'httpPutFormContentFilter' to: [/*]
2017-08-02 15:02:19.400 [restartedMain] INFO  o.s.b.w.s.FilterRegistrationBean -Mapping filter: 'requestContextFilter' to: [/*]
2017-08-02 15:02:19.401 [restartedMain] INFO  o.s.b.w.s.DelegatingFilterProxyRegistrationBean -Mapping filter: 'springSecurityFilterChain' to: [/*]
2017-08-02 15:02:19.401 [restartedMain] INFO  o.s.b.w.s.FilterRegistrationBean -Mapping filter: 'webRequestLoggingFilter' to: [/*]
2017-08-02 15:02:19.401 [restartedMain] INFO  o.s.b.w.s.FilterRegistrationBean -Mapping filter: 'applicationContextIdFilter' to: [/*]
2017-08-02 15:02:19.402 [restartedMain] INFO  o.s.b.w.s.ServletRegistrationBean -Mapping servlet: 'dispatcherServlet' to [/]
2017-08-02 15:02:19.403 [restartedMain] INFO  o.e.j.server.handler.ContextHandler -Started o.s.b.c.e.j.JettyEmbeddedWebAppContext@56d90a1b{/,[file:///C:/Users/Administrator/AppData/Local/Temp/jetty-docbase.4764438556307145161.80/],AVAILABLE}
2017-08-02 15:02:19.403 [restartedMain] INFO  org.eclipse.jetty.server.Server -Started @4505ms
2017-08-02 15:02:20.657 [restartedMain] INFO  o.s.s.web.DefaultSecurityFilterChain -Creating filter chain: org.springframework.security.web.util.matcher.AnyRequestMatcher@1, [org.springframework.security.web.context.request.async.WebAsyncManagerIntegrationFilter@9238d56, org.springframework.security.web.context.SecurityContextPersistenceFilter@2e48836, org.springframework.security.web.header.HeaderWriterFilter@34c644f8, org.springframework.security.web.authentication.logout.LogoutFilter@9269933, org.springframework.security.web.authentication.UsernamePasswordAuthenticationFilter@609dcc86, org.springframework.security.web.savedrequest.RequestCacheAwareFilter@7cbfda46, org.springframework.security.web.servletapi.SecurityContextHolderAwareRequestFilter@3f83dfb3, org.springframework.security.web.authentication.AnonymousAuthenticationFilter@5a31ab60, org.springframework.security.web.session.SessionManagementFilter@6293ea25, org.springframework.security.web.access.ExceptionTranslationFilter@2c96682a, org.springframework.security.web.access.intercept.FilterSecurityInterceptor@67b5ebb6]
2017-08-02 15:02:20.670 [restartedMain] INFO  o.s.s.web.DefaultSecurityFilterChain -Creating filter chain: org.springframework.boot.actuate.autoconfigure.ManagementWebSecurityAutoConfiguration$LazyEndpointPathRequestMatcher@373a2f2f, [org.springframework.security.web.context.request.async.WebAsyncManagerIntegrationFilter@2293cbdf, org.springframework.security.web.context.SecurityContextPersistenceFilter@1f9117c0, org.springframework.security.web.header.HeaderWriterFilter@7c1fe6e6, org.springframework.security.web.authentication.logout.LogoutFilter@7cb0a382, org.springframework.security.web.authentication.www.BasicAuthenticationFilter@1bf252aa, org.springframework.security.web.savedrequest.RequestCacheAwareFilter@69c03fc4, org.springframework.security.web.servletapi.SecurityContextHolderAwareRequestFilter@6aebcccc, org.springframework.security.web.authentication.AnonymousAuthenticationFilter@2bfdaa25, org.springframework.security.web.session.SessionManagementFilter@5b365d5d, org.springframework.security.web.access.ExceptionTranslationFilter@70c0dcfa, org.springframework.security.web.access.intercept.FilterSecurityInterceptor@450a06d9]
2017-08-02 15:02:20.903 [restartedMain] INFO  o.s.w.s.m.m.a.RequestMappingHandlerAdapter -Looking for @ControllerAdvice: org.springframework.boot.context.embedded.AnnotationConfigEmbeddedWebApplicationContext@15234b5b: startup date [Wed Aug 02 15:02:16 CST 2017]; root of context hierarchy
2017-08-02 15:02:20.966 [restartedMain] INFO  o.s.w.s.m.m.a.RequestMappingHandlerMapping -Mapped "{[/test]}" onto public java.lang.String com.gb.health.commend.TestController.index()
2017-08-02 15:02:20.967 [restartedMain] INFO  o.s.w.s.m.m.a.RequestMappingHandlerMapping -Mapped "{[/getClientBaseMessage],methods=[POST || GET]}" onto public java.lang.String com.gb.health.controller.BaseMessageController.getClientBaseMessage(javax.servlet.http.HttpServletRequest,javax.servlet.http.HttpServletResponse) throws java.io.UnsupportedEncodingException
2017-08-02 15:02:20.968 [restartedMain] INFO  o.s.w.s.m.m.a.RequestMappingHandlerMapping -Mapped "{[/downHtml],methods=[POST || GET]}" onto public void com.gb.health.controller.DownFileController.downHtml(javax.servlet.http.HttpServletRequest,javax.servlet.http.HttpServletResponse) throws java.lang.Exception
2017-08-02 15:02:20.968 [restartedMain] INFO  o.s.w.s.m.m.a.RequestMappingHandlerMapping -Mapped "{[/]}" onto public java.lang.String com.gb.health.controller.HomeController.index(org.springframework.ui.Model)
2017-08-02 15:02:20.968 [restartedMain] INFO  o.s.w.s.m.m.a.RequestMappingHandlerMapping -Mapped "{[/cimingupload]}" onto public java.lang.String com.gb.health.controller.HomeController.cimingUpload(org.springframework.ui.Model,javax.servlet.http.HttpServletRequest,javax.servlet.http.HttpServletResponse) throws java.lang.Exception
2017-08-02 15:02:20.969 [restartedMain] INFO  o.s.w.s.m.m.a.RequestMappingHandlerMapping -Mapped "{[/index],methods=[GET]}" onto public java.lang.String com.gb.health.controller.HtmlController.hey(org.springframework.ui.Model)
2017-08-02 15:02:20.969 [restartedMain] INFO  o.s.w.s.m.m.a.RequestMappingHandlerMapping -Mapped "{[/addCompany]}" onto public com.gb.health.op.HttpResult com.gb.health.controller.MyController.companyAdd(com.gb.health.op.Company) throws java.lang.InterruptedException
2017-08-02 15:02:20.970 [restartedMain] INFO  o.s.w.s.m.m.a.RequestMappingHandlerMapping -Mapped "{[/api],methods=[POST]}" onto public void com.gb.health.controller.PhoneController.invoke()
2017-08-02 15:02:20.971 [restartedMain] INFO  o.s.w.s.m.m.a.RequestMappingHandlerMapping -Mapped "{[/ad/findAll],methods=[POST || GET]}" onto public org.springframework.web.servlet.ModelAndView com.gb.health.controller.UploadController.findAll(javax.servlet.http.HttpServletRequest,javax.servlet.http.HttpServletResponse)
2017-08-02 15:02:20.971 [restartedMain] INFO  o.s.w.s.m.m.a.RequestMappingHandlerMapping -Mapped "{[/ad/downHtml],methods=[POST || GET]}" onto public void com.gb.health.controller.UploadController.downHtml(javax.servlet.http.HttpServletRequest,javax.servlet.http.HttpServletResponse) throws java.lang.Exception
2017-08-02 15:02:20.972 [restartedMain] INFO  o.s.w.s.m.m.a.RequestMappingHandlerMapping -Mapped "{[/login1],methods=[POST || GET]}" onto public java.lang.String com.gb.health.controller.UploadController.login(javax.servlet.http.HttpServletRequest,javax.servlet.http.HttpServletResponse) throws java.lang.Exception
2017-08-02 15:02:20.972 [restartedMain] INFO  o.s.w.s.m.m.a.RequestMappingHandlerMapping -Mapped "{[/ad/uploadHtml],methods=[POST || GET]}" onto public java.lang.String com.gb.health.controller.UploadController.uploadHtml(javax.servlet.http.HttpServletRequest,javax.servlet.http.HttpServletResponse) throws java.lang.Exception
2017-08-02 15:02:20.972 [restartedMain] INFO  o.s.w.s.m.m.a.RequestMappingHandlerMapping -Mapped "{[/ad/getexcel],methods=[POST || GET]}" onto public void com.gb.health.controller.UploadController.getexcel(javax.servlet.http.HttpServletRequest,javax.servlet.http.HttpServletResponse) throws java.io.IOException
2017-08-02 15:02:20.972 [restartedMain] INFO  o.s.w.s.m.m.a.RequestMappingHandlerMapping -Mapped "{[/ad/uploadBefore],methods=[POST || GET]}" onto public org.springframework.web.servlet.ModelAndView com.gb.health.controller.UploadController.uploadBefore(javax.servlet.http.HttpServletRequest,javax.servlet.http.HttpServletResponse) throws java.io.UnsupportedEncodingException
2017-08-02 15:02:20.976 [restartedMain] INFO  o.s.w.s.m.m.a.RequestMappingHandlerMapping -Mapped "{[/error]}" onto public org.springframework.http.ResponseEntity<java.util.Map<java.lang.String, java.lang.Object>> org.springframework.boot.autoconfigure.web.BasicErrorController.error(javax.servlet.http.HttpServletRequest)
2017-08-02 15:02:20.976 [restartedMain] INFO  o.s.w.s.m.m.a.RequestMappingHandlerMapping -Mapped "{[/error],produces=[text/html]}" onto public org.springframework.web.servlet.ModelAndView org.springframework.boot.autoconfigure.web.BasicErrorController.errorHtml(javax.servlet.http.HttpServletRequest,javax.servlet.http.HttpServletResponse)
2017-08-02 15:02:20.999 [restartedMain] INFO  o.s.w.s.h.SimpleUrlHandlerMapping -Mapped URL path [/login] onto handler of type [class org.springframework.web.servlet.mvc.ParameterizableViewController]
2017-08-02 15:02:21.011 [restartedMain] INFO  o.s.w.s.h.SimpleUrlHandlerMapping -Mapped URL path [/webjars/**] onto handler of type [class org.springframework.web.servlet.resource.ResourceHttpRequestHandler]
2017-08-02 15:02:21.011 [restartedMain] INFO  o.s.w.s.h.SimpleUrlHandlerMapping -Mapped URL path [/**] onto handler of type [class org.springframework.web.servlet.resource.ResourceHttpRequestHandler]
2017-08-02 15:02:21.032 [restartedMain] INFO  o.s.w.s.m.m.a.ExceptionHandlerExceptionResolver -Detected @ExceptionHandler methods in exceptionHandle
2017-08-02 15:02:21.055 [restartedMain] INFO  o.s.w.s.h.SimpleUrlHandlerMapping -Mapped URL path [/**/favicon.ico] onto handler of type [class org.springframework.web.servlet.resource.ResourceHttpRequestHandler]
2017-08-02 15:02:22.102 [restartedMain] INFO  o.s.b.a.e.mvc.EndpointHandlerMapping -Mapped "{[/beans || /beans.json],methods=[GET],produces=[application/vnd.spring-boot.actuator.v1+json || application/json]}" onto public java.lang.Object org.springframework.boot.actuate.endpoint.mvc.EndpointMvcAdapter.invoke()
2017-08-02 15:02:22.102 [restartedMain] INFO  o.s.b.a.e.mvc.EndpointHandlerMapping -Mapped "{[/auditevents || /auditevents.json],methods=[GET],produces=[application/vnd.spring-boot.actuator.v1+json || application/json]}" onto public org.springframework.http.ResponseEntity<?> org.springframework.boot.actuate.endpoint.mvc.AuditEventsMvcEndpoint.findByPrincipalAndAfterAndType(java.lang.String,java.util.Date,java.lang.String)
2017-08-02 15:02:22.103 [restartedMain] INFO  o.s.b.a.e.mvc.EndpointHandlerMapping -Mapped "{[/health || /health.json],methods=[GET],produces=[application/vnd.spring-boot.actuator.v1+json || application/json]}" onto public java.lang.Object org.springframework.boot.actuate.endpoint.mvc.HealthMvcEndpoint.invoke(javax.servlet.http.HttpServletRequest,java.security.Principal)
2017-08-02 15:02:22.103 [restartedMain] INFO  o.s.b.a.e.mvc.EndpointHandlerMapping -Mapped "{[/trace || /trace.json],methods=[GET],produces=[application/vnd.spring-boot.actuator.v1+json || application/json]}" onto public java.lang.Object org.springframework.boot.actuate.endpoint.mvc.EndpointMvcAdapter.invoke()
2017-08-02 15:02:22.104 [restartedMain] INFO  o.s.b.a.e.mvc.EndpointHandlerMapping -Mapped "{[/info || /info.json],methods=[GET],produces=[application/vnd.spring-boot.actuator.v1+json || application/json]}" onto public java.lang.Object org.springframework.boot.actuate.endpoint.mvc.EndpointMvcAdapter.invoke()
2017-08-02 15:02:22.104 [restartedMain] INFO  o.s.b.a.e.mvc.EndpointHandlerMapping -Mapped "{[/configprops || /configprops.json],methods=[GET],produces=[application/vnd.spring-boot.actuator.v1+json || application/json]}" onto public java.lang.Object org.springframework.boot.actuate.endpoint.mvc.EndpointMvcAdapter.invoke()
2017-08-02 15:02:22.105 [restartedMain] INFO  o.s.b.a.e.mvc.EndpointHandlerMapping -Mapped "{[/mappings || /mappings.json],methods=[GET],produces=[application/vnd.spring-boot.actuator.v1+json || application/json]}" onto public java.lang.Object org.springframework.boot.actuate.endpoint.mvc.EndpointMvcAdapter.invoke()
2017-08-02 15:02:22.106 [restartedMain] INFO  o.s.b.a.e.mvc.EndpointHandlerMapping -Mapped "{[/autoconfig || /autoconfig.json],methods=[GET],produces=[application/vnd.spring-boot.actuator.v1+json || application/json]}" onto public java.lang.Object org.springframework.boot.actuate.endpoint.mvc.EndpointMvcAdapter.invoke()
2017-08-02 15:02:22.108 [restartedMain] INFO  o.s.b.a.e.mvc.EndpointHandlerMapping -Mapped "{[/loggers/{name:.*}],methods=[GET],produces=[application/vnd.spring-boot.actuator.v1+json || application/json]}" onto public java.lang.Object org.springframework.boot.actuate.endpoint.mvc.LoggersMvcEndpoint.get(java.lang.String)
2017-08-02 15:02:22.108 [restartedMain] INFO  o.s.b.a.e.mvc.EndpointHandlerMapping -Mapped "{[/loggers/{name:.*}],methods=[POST],consumes=[application/vnd.spring-boot.actuator.v1+json || application/json],produces=[application/vnd.spring-boot.actuator.v1+json || application/json]}" onto public java.lang.Object org.springframework.boot.actuate.endpoint.mvc.LoggersMvcEndpoint.set(java.lang.String,java.util.Map<java.lang.String, java.lang.String>)
2017-08-02 15:02:22.108 [restartedMain] INFO  o.s.b.a.e.mvc.EndpointHandlerMapping -Mapped "{[/loggers || /loggers.json],methods=[GET],produces=[application/vnd.spring-boot.actuator.v1+json || application/json]}" onto public java.lang.Object org.springframework.boot.actuate.endpoint.mvc.EndpointMvcAdapter.invoke()
2017-08-02 15:02:22.109 [restartedMain] INFO  o.s.b.a.e.mvc.EndpointHandlerMapping -Mapped "{[/env/{name:.*}],methods=[GET],produces=[application/vnd.spring-boot.actuator.v1+json || application/json]}" onto public java.lang.Object org.springframework.boot.actuate.endpoint.mvc.EnvironmentMvcEndpoint.value(java.lang.String)
2017-08-02 15:02:22.109 [restartedMain] INFO  o.s.b.a.e.mvc.EndpointHandlerMapping -Mapped "{[/env || /env.json],methods=[GET],produces=[application/vnd.spring-boot.actuator.v1+json || application/json]}" onto public java.lang.Object org.springframework.boot.actuate.endpoint.mvc.EndpointMvcAdapter.invoke()
2017-08-02 15:02:22.109 [restartedMain] INFO  o.s.b.a.e.mvc.EndpointHandlerMapping -Mapped "{[/dump || /dump.json],methods=[GET],produces=[application/vnd.spring-boot.actuator.v1+json || application/json]}" onto public java.lang.Object org.springframework.boot.actuate.endpoint.mvc.EndpointMvcAdapter.invoke()
2017-08-02 15:02:22.110 [restartedMain] INFO  o.s.b.a.e.mvc.EndpointHandlerMapping -Mapped "{[/heapdump || /heapdump.json],methods=[GET],produces=[application/octet-stream]}" onto public void org.springframework.boot.actuate.endpoint.mvc.HeapdumpMvcEndpoint.invoke(boolean,javax.servlet.http.HttpServletRequest,javax.servlet.http.HttpServletResponse) throws java.io.IOException,javax.servlet.ServletException
2017-08-02 15:02:22.111 [restartedMain] INFO  o.s.b.a.e.mvc.EndpointHandlerMapping -Mapped "{[/shutdown || /shutdown.json],methods=[POST],produces=[application/vnd.spring-boot.actuator.v1+json || application/json]}" onto public java.lang.Object org.springframework.boot.actuate.endpoint.mvc.ShutdownMvcEndpoint.invoke()
2017-08-02 15:02:22.112 [restartedMain] INFO  o.s.b.a.e.mvc.EndpointHandlerMapping -Mapped "{[/metrics/{name:.*}],methods=[GET],produces=[application/vnd.spring-boot.actuator.v1+json || application/json]}" onto public java.lang.Object org.springframework.boot.actuate.endpoint.mvc.MetricsMvcEndpoint.value(java.lang.String)
2017-08-02 15:02:22.112 [restartedMain] INFO  o.s.b.a.e.mvc.EndpointHandlerMapping -Mapped "{[/metrics || /metrics.json],methods=[GET],produces=[application/vnd.spring-boot.actuator.v1+json || application/json]}" onto public java.lang.Object org.springframework.boot.actuate.endpoint.mvc.EndpointMvcAdapter.invoke()
2017-08-02 15:02:22.306 [restartedMain] INFO  o.s.b.d.a.OptionalLiveReloadServer -LiveReload server is running on port 35729
2017-08-02 15:02:22.364 [restartedMain] INFO  o.s.j.e.a.AnnotationMBeanExporter -Registering beans for JMX exposure on startup
2017-08-02 15:02:22.374 [restartedMain] INFO  o.s.c.s.DefaultLifecycleProcessor -Starting beans in phase 0
2017-08-02 15:02:22.444 [restartedMain] INFO  o.e.j.s.h.ContextHandler.application -Initializing Spring FrameworkServlet 'dispatcherServlet'
2017-08-02 15:02:22.444 [restartedMain] INFO  o.s.web.servlet.DispatcherServlet -FrameworkServlet 'dispatcherServlet': initialization started
2017-08-02 15:02:22.457 [restartedMain] INFO  o.s.web.servlet.DispatcherServlet -FrameworkServlet 'dispatcherServlet': initialization completed in 13 ms
2017-08-02 15:02:22.491 [restartedMain] INFO  o.e.jetty.server.AbstractConnector -Started ServerConnector@2f782873{HTTP/1.1,[http/1.1]}{0.0.0.0:80}
2017-08-02 15:02:22.493 [restartedMain] INFO  o.s.b.c.e.j.JettyEmbeddedServletContainer -Jetty started on port(s) 80 (http/1.1)
2017-08-02 15:02:22.498 [restartedMain] INFO  c.gb.health.HealthManagerApplication -Started HealthManagerApplication in 6.874 seconds (JVM running for 7.6)
2017-08-02 15:02:44.477 [qtp2131907204-38] INFO  org.eclipse.jetty.server.session -Session id node01ahyjr6cjbtf42blfyil5ghhk0 swapped for new id node0bxcgvx9pq3dn5a30c9a6w4qq1
